<component name="libraryTable">
  <library name="junit-4.12 (2)">
    <CLASSES>
      <root url="jar://$PROJECT_DIR$/day17_demo04_mybatis_Helloworld2/src/lib/junit-4.12.jar!/" />
      <root url="jar://$PROJECT_DIR$/day17_demo04_mybatis_Helloworld2/src/lib/log4j-1.2.17.jar!/" />
      <root url="jar://$PROJECT_DIR$/day17_demo04_mybatis_Helloworld2/src/lib/mybatis-3.5.0.jar!/" />
      <root url="jar://$PROJECT_DIR$/day17_demo04_mybatis_Helloworld2/src/lib/mysql-connector-java-5.1.37-bin.jar!/" />
    </CLASSES>
    <JAVADOC />
    <SOURCES />
  </library>
</component>